<?xml version="1.0" encoding="UTF-8"?>
<!-- Generated by org.testng.reporters.JUnitXMLReporter -->
<testsuite hostname="asus" name="Default test" tests="2" failures="0" timestamp="8 Nov 2021 07:29:56 GMT" time="23.236" errors="0">
  <testcase name="enterEmployeeToBeSearched" time="5.657" classname="com.technocredits.orghrm.testscripts.PIM_EmployeeListTest"/>
  <testcase name="enterEmployeeToBeSearched" time="5.657" classname="com.technocredits.orghrm.testscripts.PIM_EmployeeListTest"/>
</testsuite> <!-- Default test -->
