<?xml version="1.0" encoding="UTF-8"?>
<testng-results skipped="0" failed="0" total="1" passed="1">
  <reporter-output>
  </reporter-output>
  <suite name="Default suite" duration-ms="23236" started-at="2021-11-08T07:29:32Z" finished-at="2021-11-08T07:29:56Z">
    <groups>
    </groups>
    <test name="Default test" duration-ms="23236" started-at="2021-11-08T07:29:32Z" finished-at="2021-11-08T07:29:56Z">
      <class name="com.technocredits.orghrm.testscripts.PIM_EmployeeListTest">
        <test-method status="PASS" signature="setUp()[pri:0, instance:com.technocredits.orghrm.testscripts.PIM_EmployeeListTest@51081592]" name="setUp" is-config="true" duration-ms="17517" started-at="2021-11-08T12:59:33Z" finished-at="2021-11-08T12:59:50Z">
          <reporter-output>
          </reporter-output>
        </test-method> <!-- setUp -->
        <test-method status="PASS" signature="enterEmployeeToBeSearched()[pri:0, instance:com.technocredits.orghrm.testscripts.PIM_EmployeeListTest@51081592]" name="enterEmployeeToBeSearched" duration-ms="5657" started-at="2021-11-08T12:59:50Z" finished-at="2021-11-08T12:59:56Z">
          <reporter-output>
          </reporter-output>
        </test-method> <!-- enterEmployeeToBeSearched -->
      </class> <!-- com.technocredits.orghrm.testscripts.PIM_EmployeeListTest -->
    </test> <!-- Default test -->
  </suite> <!-- Default suite -->
</testng-results>
